<?xml version="1.0" encoding="utf-8"?><testsuites name="pytest tests"><testsuite name="pytest" errors="0" failures="0" skipped="0" tests="24" time="10.759" timestamp="2026-09-04T20:47:34.122886+00:00" hostname="LAPTOP-446D0HTA"><testcase classname="ml.tests.test_feature_engineering" name="test_wallet_volume_aggregation" time="0.099" /><testcase classname="ml.tests.test_feature_engineering" name="test_fan_in_and_fan_out_ratios" time="0.006" /><testcase classname="ml.tests.test_feature_engineering" name="test_scaled_matrix_dimensions_and_no_nan_inf" time="0.003" /><testcase classname="ml.tests.test_feature_engineering" name="test_unique_ips_used" time="0.004" /><testcase classname="ml.tests.test_feature_engineering" name="test_empty_and_single_wallet_dataframe" time="0.002" /><testcase classname="ml.tests.test_features" name="test_extract_features_schema" time="0.038" /><testcase classname="ml.tests.test_features" name="test_extract_features_empty_dataframe" time="0.000" /><testcase classname="ml.tests.test_ingestion" name="test_process_raw_file_json" time="0.036" /><testcase classname="ml.tests.test_ingestion" name="test_process_raw_file_csv" time="0.046" /><testcase classname="ml.tests.test_ingestion" name="test_invalid_data_dropping" time="0.015" /><testcase classname="ml.tests.test_ingestion" name="test_process_raw_file_with_dataframe" time="0.010" /><testcase classname="ml.tests.test_ingestion" name="test_api_ingest_csv_and_json" time="2.509" /><testcase classname="ml.tests.test_model" name="test_isolation_forest_fit_predict" time="0.072" /><testcase classname="ml.tests.test_model" name="test_isolation_forest_numpy_array_input" time="0.062" /><testcase classname="ml.tests.test_model" name="test_risk_score_bounds_and_calibration" time="0.068" /><testcase classname="ml.tests.test_model" name="test_synthetic_outlier_wallets_score_significantly_higher" time="0.071" /><testcase classname="ml.tests.test_model" name="test_signal_breakdown_attribution" time="0.063" /><testcase classname="ml.tests.test_model" name="test_anomalous_wallets_return_top_risk_factors" time="0.094" /><testcase classname="ml.tests.test_model" name="test_injected_extreme_feature_attribution" time="0.058" /><testcase classname="ml.tests.test_model" name="test_attribution_edge_cases_zero_variance_and_uniform" time="0.126" /><testcase classname="ml.tests.test_model" name="test_shap_explainer" time="0.002" /><testcase classname="ml.tests.test_model" name="test_shap_explainer_synthetic_outlier_attribution" time="0.319" /><testcase classname="ml.tests.test_model" name="test_shap_explainer_edge_cases_and_matrix_inputs" time="0.145" /><testcase classname="ml.tests.test_model" name="test_score_entities_dynamic_and_clean_identifiers" time="0.434" /></testsuite></testsuites>